I 2022/06/24 10:16:19 working.go:101: 
      ___                                   ___           ___           ___
     /  /\        ___           ___        /__/\         /  /\         /__/\
    /  /:/_      /  /\         /__/|       \  \:\       /  /::\        \  \:\
   /  /:/ /\    /  /:/        |  |:|        \  \:\     /  /:/\:\        \  \:\
  /  /:/ /::\  /__/::\        |  |:|    ___  \  \:\   /  /:/~/::\   _____\__\:\
 /__/:/ /:/\:\ \__\/\:\__   __|__|:|   /__/\  \__\:\ /__/:/ /:/\:\ /__/::::::::\
 \  \:\/:/~/:/    \  \:\/\ /__/::::\   \  \:\ /  /:/ \  \:\/:/__\/ \  \:\~~\~~\/
  \  \::/ /:/      \__\::/    ~\~~\:\   \  \:\  /:/   \  \::/       \  \:\  ~~~
   \__\/ /:/       /__/:/       \  \:\   \  \:\/:/     \  \:\        \  \:\
     /__/:/        \__\/         \__\/    \  \::/       \  \:\        \  \:\
     \__\/                                 \__\/         \__\/         \__\/
I 2022/06/24 10:16:19 runtime.go:45: kernel is booting:
    * ver [2.0.23]
    * arch [amd64]
    * runtime mode [prod]
    * working directory [C:\Program Files\WindowsApps\89C2A984.SiYuan_2.0.23.0_x64__1qfd3tsw4ngc2\app\resources]
    * read only [false]
    * container [std]
    * database [ver=20220501]
    * workspace directory [D:\文档\SiYuan\SiYuan, data 20 kB]
I 2022/06/24 10:16:19 serve.go:78: kernel is booting [http://127.0.0.1:6806]
I 2022/06/24 10:16:19 database.go:84: reinitialized database [D:\文档\SiYuan\SiYuan\temp\siyuan.db]
I 2022/06/24 10:16:19 conf.go:517: database size [4.1 kB], block count [0]
I 2022/06/24 10:16:19 working.go:137: kernel booted
I 2022/06/24 10:16:20 index.go:221: rebuilt database for notebook [20210808180117-czj9bvb] in [0.28s], tree [count=49, size=1.2 MB]
I 2022/06/24 10:16:20 index.go:358: resolved refs [65] in [33ms]
I 2022/06/24 10:17:21 conf.go:356: exited kernel
I 2022/06/29 08:42:38 working.go:101: 
      ___                                   ___           ___           ___
     /  /\        ___           ___        /__/\         /  /\         /__/\
    /  /:/_      /  /\         /__/|       \  \:\       /  /::\        \  \:\
   /  /:/ /\    /  /:/        |  |:|        \  \:\     /  /:/\:\        \  \:\
  /  /:/ /::\  /__/::\        |  |:|    ___  \  \:\   /  /:/~/::\   _____\__\:\
 /__/:/ /:/\:\ \__\/\:\__   __|__|:|   /__/\  \__\:\ /__/:/ /:/\:\ /__/::::::::\
 \  \:\/:/~/:/    \  \:\/\ /__/::::\   \  \:\ /  /:/ \  \:\/:/__\/ \  \:\~~\~~\/
  \  \::/ /:/      \__\::/    ~\~~\:\   \  \:\  /:/   \  \::/       \  \:\  ~~~
   \__\/ /:/       /__/:/       \  \:\   \  \:\/:/     \  \:\        \  \:\
     /__/:/        \__\/         \__\/    \  \::/       \  \:\        \  \:\
     \__\/                                 \__\/         \__\/         \__\/
I 2022/06/29 08:42:38 runtime.go:45: kernel is booting:
    * ver [2.0.23]
    * arch [amd64]
    * runtime mode [prod]
    * working directory [C:\Program Files\WindowsApps\89C2A984.SiYuan_2.0.23.0_x64__1qfd3tsw4ngc2\app\resources]
    * read only [false]
    * container [std]
    * database [ver=20220501]
    * workspace directory [D:\文档\SiYuan\SiYuan, data 3.2 MB]
I 2022/06/29 08:42:38 serve.go:78: kernel is booting [http://127.0.0.1:6806]
I 2022/06/29 08:42:38 conf.go:517: database size [5.2 MB], block count [1869]
I 2022/06/29 08:42:38 working.go:137: kernel booted
I 2022/06/29 08:43:15 conf.go:356: exited kernel
I 2022/06/29 09:21:01 working.go:101: 
      ___                                   ___           ___           ___
     /  /\        ___           ___        /__/\         /  /\         /__/\
    /  /:/_      /  /\         /__/|       \  \:\       /  /::\        \  \:\
   /  /:/ /\    /  /:/        |  |:|        \  \:\     /  /:/\:\        \  \:\
  /  /:/ /::\  /__/::\        |  |:|    ___  \  \:\   /  /:/~/::\   _____\__\:\
 /__/:/ /:/\:\ \__\/\:\__   __|__|:|   /__/\  \__\:\ /__/:/ /:/\:\ /__/::::::::\
 \  \:\/:/~/:/    \  \:\/\ /__/::::\   \  \:\ /  /:/ \  \:\/:/__\/ \  \:\~~\~~\/
  \  \::/ /:/      \__\::/    ~\~~\:\   \  \:\  /:/   \  \::/       \  \:\  ~~~
   \__\/ /:/       /__/:/       \  \:\   \  \:\/:/     \  \:\        \  \:\
     /__/:/        \__\/         \__\/    \  \::/       \  \:\        \  \:\
     \__\/                                 \__\/         \__\/         \__\/
I 2022/06/29 09:21:01 runtime.go:45: kernel is booting:
    * ver [2.0.23]
    * arch [amd64]
    * runtime mode [prod]
    * working directory [C:\Program Files\WindowsApps\89C2A984.SiYuan_2.0.23.0_x64__1qfd3tsw4ngc2\app\resources]
    * read only [false]
    * container [std]
    * database [ver=20220501]
    * workspace directory [D:\文档\SiYuan, data 3.2 MB]
I 2022/06/29 09:21:01 serve.go:78: kernel is booting [http://127.0.0.1:6806]
I 2022/06/29 09:21:01 conf.go:517: database size [5.2 MB], block count [1869]
I 2022/06/29 09:21:01 working.go:137: kernel booted
I 2022/06/29 09:21:04 conf.go:356: exited kernel
